<?xml version='1.0' encoding='UTF-8'?>
<testsuite hostname="C02Y24D6JHD2" name="com.example.quickstart.HelloWorldSpec" tests="2" errors="0" failures="0" skipped="0" time="0.689" timestamp="2021-06-01T10:22:17">
                     <properties>
      <property name="java.specification.version" value="15"/><property name="sun.jnu.encoding" value="UTF-8"/><property name="sun.arch.data.model" value="64"/><property name="java.vendor.url" value="https://openjdk.java.net/"/><property name="sun.boot.library.path" value="/usr/local/Cellar/openjdk/15.0.2/libexec/openjdk.jdk/Contents/Home/lib"/><property name="sun.java.command" value="/usr/local/Cellar/sbt/1.4.9/libexec/bin/sbt-launch.jar test"/><property name="jdk.debug" value="release"/><property name="java.specification.vendor" value="Oracle Corporation"/><property name="java.version.date" value="2021-01-19"/><property name="java.home" value="/usr/local/Cellar/openjdk/15.0.2/libexec/openjdk.jdk/Contents/Home"/><property name="file.separator" value="/"/><property name="java.vm.compressedOopsMode" value="Zero based"/><property name="line.separator" value="
"/><property name="java.specification.name" value="Java Platform API Specification"/><property name="java.vm.specification.vendor" value="Oracle Corporation"/><property name="sun.management.compiler" value="HotSpot 64-Bit Tiered Compilers"/><property name="java.runtime.version" value="15.0.2+7"/><property name="user.name" value="arathy.janardhanan"/><property name="log4j.ignoreTCL" value="true"/><property name="file.encoding" value="UTF-8"/><property name="jnidispatch.path" value="/Users/arathy.janardhanan/Library/Caches/JNA/temp/jna11962340075200490258.tmp"/><property name="jna.loaded" value="true"/><property name="java.io.tmpdir" value="/var/folders/jd/pgzrcr817md2557fxfsw6kz05pszz1/T/"/><property name="java.version" value="15.0.2"/><property name="java.vm.specification.name" value="Java Virtual Machine Specification"/><property name="java.library.path" value="/Users/arathy.janardhanan/Library/Java/Extensions:/Library/Java/Extensions:/Network/Library/Java/Extensions:/System/Library/Java/Extensions:/usr/lib/java:."/><property name="java.vendor" value="N/A"/><property name="scala.ext.dirs" value="/Users/arathy.janardhanan/.sbt/0.13/java9-rt-ext-n_a_15_0_2"/><property name="sun.io.unicode.encoding" value="UnicodeBig"/><property name="java.class.path" value="/usr/local/Cellar/sbt/1.4.9/libexec/bin/sbt-launch.jar"/><property name="java.vm.vendor" value="Oracle Corporation"/><property name="jline.shutdownhook" value="false"/><property name="user.timezone" value="Australia/Melbourne"/><property name="java.vm.specification.version" value="15"/><property name="os.name" value="Mac OS X"/><property name="sun.java.launcher" value="SUN_STANDARD"/><property name="user.country" value="AU"/><property name="sun.cpu.endian" value="little"/><property name="user.home" value="/Users/arathy.janardhanan"/><property name="user.language" value="en"/><property name="swoval.tmpdir" value="/Users/arathy.janardhanan/.sbt/1.0"/><property name="jline.esc.timeout" value="0"/><property name="path.separator" value=":"/><property name="os.version" value="10.16"/><property name="jna.nosys" value="true"/><property name="java.runtime.name" value="OpenJDK Runtime Environment"/><property name="java.vm.name" value="OpenJDK 64-Bit Server VM"/><property name="jna.platform.library.path" value="/usr/lib:/usr/lib"/><property name="java.vendor.url.bug" value="https://bugreport.java.com/bugreport/"/><property name="user.dir" value="/Users/arathy.janardhanan/Documents/customers/quickstart"/><property name="os.arch" value="x86_64"/><property name="java.vm.info" value="mixed mode, sharing"/><property name="java.vm.version" value="15.0.2+7"/><property name="java.class.version" value="59.0"/>
    </properties>
                     <testcase classname="com.example.quickstart.HelloWorldSpec" name="HelloWorld returns status code 200" time="0.594">
                                                 
                                               </testcase><testcase classname="com.example.quickstart.HelloWorldSpec" name="HelloWorld returns hello world message" time="0.095">
                                                 
                                               </testcase>
                     <system-out><![CDATA[]]></system-out>
                     <system-err><![CDATA[]]></system-err>
                   </testsuite>